Started GET "/" for ::1 at 2020-11-30 14:36:58 +0100
Processing by Rails::WelcomeController#index as HTML
  Rendering /Users/nico/.asdf/installs/ruby/2.7.1/lib/ruby/gems/2.7.0/gems/railties-6.0.3.4/lib/rails/templates/rails/welcome/index.html.erb
  Rendered /Users/nico/.asdf/installs/ruby/2.7.1/lib/ruby/gems/2.7.0/gems/railties-6.0.3.4/lib/rails/templates/rails/welcome/index.html.erb (Duration: 36.9ms | Allocations: 409)
Completed 200 OK in 77ms (Views: 57.8ms | ActiveRecord: 0.0ms | Allocations: 2586)


Started GET "/" for ::1 at 2020-11-30 14:54:23 +0100
  
ActiveRecord::PendingMigrationError (

Migrations are pending. To resolve this issue, run:

        rails db:migrate RAILS_ENV=development

):
  
activerecord (6.0.3.4) lib/active_record/migration.rb:586:in `check_pending!'
activerecord (6.0.3.4) lib/active_record/migration.rb:564:in `call'
actionpack (6.0.3.4) lib/action_dispatch/middleware/callbacks.rb:27:in `block in call'
activesupport (6.0.3.4) lib/active_support/callbacks.rb:101:in `run_callbacks'
actionpack (6.0.3.4) lib/action_dispatch/middleware/callbacks.rb:26:in `call'
actionpack (6.0.3.4) lib/action_dispatch/middleware/executor.rb:14:in `call'
actionpack (6.0.3.4) lib/action_dispatch/middleware/actionable_exceptions.rb:18:in `call'
actionpack (6.0.3.4) lib/action_dispatch/middleware/debug_exceptions.rb:32:in `call'
web-console (4.1.0) lib/web_console/middleware.rb:132:in `call_app'
web-console (4.1.0) lib/web_console/middleware.rb:28:in `block in call'
web-console (4.1.0) lib/web_console/middleware.rb:17:in `catch'
web-console (4.1.0) lib/web_console/middleware.rb:17:in `call'
actionpack (6.0.3.4) lib/action_dispatch/middleware/show_exceptions.rb:33:in `call'
railties (6.0.3.4) lib/rails/rack/logger.rb:37:in `call_app'
railties (6.0.3.4) lib/rails/rack/logger.rb:26:in `block in call'
activesupport (6.0.3.4) lib/active_support/tagged_logging.rb:80:in `block in tagged'
activesupport (6.0.3.4) lib/active_support/tagged_logging.rb:28:in `tagged'
activesupport (6.0.3.4) lib/active_support/tagged_logging.rb:80:in `tagged'
railties (6.0.3.4) lib/rails/rack/logger.rb:26:in `call'
sprockets-rails (3.2.2) lib/sprockets/rails/quiet_assets.rb:13:in `call'
actionpack (6.0.3.4) lib/action_dispatch/middleware/remote_ip.rb:81:in `call'
actionpack (6.0.3.4) lib/action_dispatch/middleware/request_id.rb:27:in `call'
rack (2.2.3) lib/rack/method_override.rb:24:in `call'
rack (2.2.3) lib/rack/runtime.rb:22:in `call'
activesupport (6.0.3.4) lib/active_support/cache/strategy/local_cache_middleware.rb:29:in `call'
actionpack (6.0.3.4) lib/action_dispatch/middleware/executor.rb:14:in `call'
actionpack (6.0.3.4) lib/action_dispatch/middleware/static.rb:126:in `call'
rack (2.2.3) lib/rack/sendfile.rb:110:in `call'
actionpack (6.0.3.4) lib/action_dispatch/middleware/host_authorization.rb:82:in `call'
webpacker (4.3.0) lib/webpacker/dev_server_proxy.rb:23:in `perform_request'
rack-proxy (0.6.5) lib/rack/proxy.rb:57:in `call'
railties (6.0.3.4) lib/rails/engine.rb:527:in `call'
puma (4.3.6) lib/puma/configuration.rb:228:in `call'
puma (4.3.6) lib/puma/server.rb:713:in `handle_request'
puma (4.3.6) lib/puma/server.rb:472:in `process_client'
puma (4.3.6) lib/puma/server.rb:328:in `block in run'
puma (4.3.6) lib/puma/thread_pool.rb:134:in `block in spawn_thread'
  [1m[35m (40.5ms)[0m  [1m[35mCREATE TABLE "schema_migrations" ("version" character varying NOT NULL PRIMARY KEY)[0m
  [1m[35m (6.1ms)[0m  [1m[35mCREATE TABLE "ar_internal_metadata" ("key" character varying NOT NULL PRIMARY KEY, "value" character varying, "created_at" timestamp(6) NOT NULL, "updated_at" timestamp(6) NOT NULL)[0m
  [1m[35m (0.2ms)[0m  [1m[34mSELECT pg_try_advisory_lock(8774356113262724460)[0m
  [1m[35m (0.4ms)[0m  [1m[34mSELECT "schema_migrations"."version" FROM "schema_migrations" ORDER BY "schema_migrations"."version" ASC[0m
Migrating to DeviseCreateUsers (20201130134939)
  [1m[35m (0.3ms)[0m  [1m[35mBEGIN[0m
  [1m[35m (10.3ms)[0m  [1m[35mCREATE TABLE "users" ("id" bigserial primary key, "email" character varying DEFAULT '' NOT NULL, "encrypted_password" character varying DEFAULT '' NOT NULL, "reset_password_token" character varying, "reset_password_sent_at" timestamp, "remember_created_at" timestamp, "created_at" timestamp(6) NOT NULL, "updated_at" timestamp(6) NOT NULL)[0m
  [1m[35m (1.0ms)[0m  [1m[35mCREATE UNIQUE INDEX  "index_users_on_email" ON "users"  ("email")[0m
  [1m[35m (2.5ms)[0m  [1m[35mCREATE UNIQUE INDEX  "index_users_on_reset_password_token" ON "users"  ("reset_password_token")[0m
  [1m[36mprimary::SchemaMigration Create (1.2ms)[0m  [1m[32mINSERT INTO "schema_migrations" ("version") VALUES ($1) RETURNING "version"[0m  [["version", "20201130134939"]]
  [1m[35m (1.0ms)[0m  [1m[35mCOMMIT[0m
  [1m[36mActiveRecord::InternalMetadata Load (1.0ms)[0m  [1m[34mSELECT "ar_internal_metadata".* FROM "ar_internal_metadata" WHERE "ar_internal_metadata"."key" = $1 LIMIT $2[0m  [["key", "environment"], ["LIMIT", 1]]
  [1m[35m (0.4ms)[0m  [1m[35mBEGIN[0m
  [1m[36mActiveRecord::InternalMetadata Create (2.1ms)[0m  [1m[32mINSERT INTO "ar_internal_metadata" ("key", "value", "created_at", "updated_at") VALUES ($1, $2, $3, $4) RETURNING "key"[0m  [["key", "environment"], ["value", "development"], ["created_at", "2020-11-30 13:54:36.615559"], ["updated_at", "2020-11-30 13:54:36.615559"]]
  [1m[35m (0.8ms)[0m  [1m[35mCOMMIT[0m
  [1m[35m (0.8ms)[0m  [1m[34mSELECT pg_advisory_unlock(8774356113262724460)[0m
  [1m[35m (0.6ms)[0m  [1m[34mSELECT "schema_migrations"."version" FROM "schema_migrations" ORDER BY "schema_migrations"."version" ASC[0m
Started GET "/" for ::1 at 2020-11-30 14:54:45 +0100
  [1m[35m (0.6ms)[0m  [1m[34mSELECT "schema_migrations"."version" FROM "schema_migrations" ORDER BY "schema_migrations"."version" ASC[0m
Processing by Rails::WelcomeController#index as HTML
  Rendering /Users/nico/.asdf/installs/ruby/2.7.1/lib/ruby/gems/2.7.0/gems/railties-6.0.3.4/lib/rails/templates/rails/welcome/index.html.erb
  Rendered /Users/nico/.asdf/installs/ruby/2.7.1/lib/ruby/gems/2.7.0/gems/railties-6.0.3.4/lib/rails/templates/rails/welcome/index.html.erb (Duration: 10.4ms | Allocations: 295)
Completed 200 OK in 24ms (Views: 15.1ms | ActiveRecord: 0.0ms | Allocations: 1869)


Started GET "/users/sign_in" for ::1 at 2020-11-30 14:55:05 +0100
Processing by Devise::SessionsController#new as HTML
  Rendering devise/sessions/new.html.erb within layouts/application
  Rendered devise/shared/_links.html.erb (Duration: 4.5ms | Allocations: 595)
  Rendered devise/sessions/new.html.erb within layouts/application (Duration: 127.4ms | Allocations: 7559)
[Webpacker] Compiling...
[Webpacker] Compiled all packs in /Users/nico/Desktop/THP-Final_Project/public/packs
[Webpacker] Hash: 15d1bb7b54cf6326b9ba
Version: webpack 4.44.2
Time: 2376ms
Built at: 30/11/2020 14:55:10
                                     Asset       Size       Chunks                         Chunk Names
    js/application-9afcbb5693aa87623e69.js    124 KiB  application  [emitted] [immutable]  application
js/application-9afcbb5693aa87623e69.js.map    139 KiB  application  [emitted] [dev]        application
                             manifest.json  364 bytes               [emitted]              
Entrypoint application = js/application-9afcbb5693aa87623e69.js js/application-9afcbb5693aa87623e69.js.map
[./app/javascript/channels sync recursive _channel\.js$] ./app/javascript/channels sync _channel\.js$ 160 bytes {application} [built]
[./app/javascript/channels/index.js] 211 bytes {application} [built]
[./app/javascript/packs/application.js] 749 bytes {application} [built]
[./node_modules/webpack/buildin/module.js] (webpack)/buildin/module.js 552 bytes {application} [built]
    + 3 hidden modules

Completed 200 OK in 4657ms (Views: 4630.7ms | ActiveRecord: 8.3ms | Allocations: 29321)


Started GET "/" for ::1 at 2020-11-30 16:30:41 +0100
  
ActiveRecord::NoDatabaseError (FATAL:  database "Monthlee_development" does not exist
):
  
activerecord (6.0.3.4) lib/active_record/connection_adapters/postgresql_adapter.rb:50:in `rescue in postgresql_connection'
activerecord (6.0.3.4) lib/active_record/connection_adapters/postgresql_adapter.rb:33:in `postgresql_connection'
activerecord (6.0.3.4) lib/active_record/connection_adapters/abstract/connection_pool.rb:887:in `new_connection'
activerecord (6.0.3.4) lib/active_record/connection_adapters/abstract/connection_pool.rb:931:in `checkout_new_connection'
activerecord (6.0.3.4) lib/active_record/connection_adapters/abstract/connection_pool.rb:910:in `try_to_checkout_new_connection'
activerecord (6.0.3.4) lib/active_record/connection_adapters/abstract/connection_pool.rb:871:in `acquire_connection'
activerecord (6.0.3.4) lib/active_record/connection_adapters/abstract/connection_pool.rb:593:in `checkout'
activerecord (6.0.3.4) lib/active_record/connection_adapters/abstract/connection_pool.rb:437:in `connection'
activerecord (6.0.3.4) lib/active_record/connection_adapters/abstract/connection_pool.rb:1119:in `retrieve_connection'
activerecord (6.0.3.4) lib/active_record/connection_handling.rb:221:in `retrieve_connection'
activerecord (6.0.3.4) lib/active_record/connection_handling.rb:189:in `connection'
activerecord (6.0.3.4) lib/active_record/migration.rb:562:in `call'
actionpack (6.0.3.4) lib/action_dispatch/middleware/callbacks.rb:27:in `block in call'
activesupport (6.0.3.4) lib/active_support/callbacks.rb:101:in `run_callbacks'
actionpack (6.0.3.4) lib/action_dispatch/middleware/callbacks.rb:26:in `call'
actionpack (6.0.3.4) lib/action_dispatch/middleware/executor.rb:14:in `call'
actionpack (6.0.3.4) lib/action_dispatch/middleware/actionable_exceptions.rb:18:in `call'
actionpack (6.0.3.4) lib/action_dispatch/middleware/debug_exceptions.rb:32:in `call'
web-console (4.1.0) lib/web_console/middleware.rb:132:in `call_app'
web-console (4.1.0) lib/web_console/middleware.rb:28:in `block in call'
web-console (4.1.0) lib/web_console/middleware.rb:17:in `catch'
web-console (4.1.0) lib/web_console/middleware.rb:17:in `call'
actionpack (6.0.3.4) lib/action_dispatch/middleware/show_exceptions.rb:33:in `call'
railties (6.0.3.4) lib/rails/rack/logger.rb:37:in `call_app'
railties (6.0.3.4) lib/rails/rack/logger.rb:26:in `block in call'
activesupport (6.0.3.4) lib/active_support/tagged_logging.rb:80:in `block in tagged'
activesupport (6.0.3.4) lib/active_support/tagged_logging.rb:28:in `tagged'
activesupport (6.0.3.4) lib/active_support/tagged_logging.rb:80:in `tagged'
railties (6.0.3.4) lib/rails/rack/logger.rb:26:in `call'
sprockets-rails (3.2.2) lib/sprockets/rails/quiet_assets.rb:13:in `call'
actionpack (6.0.3.4) lib/action_dispatch/middleware/remote_ip.rb:81:in `call'
actionpack (6.0.3.4) lib/action_dispatch/middleware/request_id.rb:27:in `call'
rack (2.2.3) lib/rack/method_override.rb:24:in `call'
rack (2.2.3) lib/rack/runtime.rb:22:in `call'
activesupport (6.0.3.4) lib/active_support/cache/strategy/local_cache_middleware.rb:29:in `call'
actionpack (6.0.3.4) lib/action_dispatch/middleware/executor.rb:14:in `call'
actionpack (6.0.3.4) lib/action_dispatch/middleware/static.rb:126:in `call'
rack (2.2.3) lib/rack/sendfile.rb:110:in `call'
actionpack (6.0.3.4) lib/action_dispatch/middleware/host_authorization.rb:82:in `call'
webpacker (4.3.0) lib/webpacker/dev_server_proxy.rb:23:in `perform_request'
rack-proxy (0.6.5) lib/rack/proxy.rb:57:in `call'
railties (6.0.3.4) lib/rails/engine.rb:527:in `call'
puma (4.3.6) lib/puma/configuration.rb:228:in `call'
puma (4.3.6) lib/puma/server.rb:713:in `handle_request'
puma (4.3.6) lib/puma/server.rb:472:in `process_client'
puma (4.3.6) lib/puma/server.rb:328:in `block in run'
puma (4.3.6) lib/puma/thread_pool.rb:134:in `block in spawn_thread'
Started GET "/packs/js/application-cd9baa997ab2a6e5febb.js" for ::1 at 2020-11-30 16:30:42 +0100
  
ActiveRecord::NoDatabaseError (FATAL:  database "Monthlee_development" does not exist
):
  
activerecord (6.0.3.4) lib/active_record/connection_adapters/postgresql_adapter.rb:50:in `rescue in postgresql_connection'
activerecord (6.0.3.4) lib/active_record/connection_adapters/postgresql_adapter.rb:33:in `postgresql_connection'
activerecord (6.0.3.4) lib/active_record/connection_adapters/abstract/connection_pool.rb:887:in `new_connection'
activerecord (6.0.3.4) lib/active_record/connection_adapters/abstract/connection_pool.rb:931:in `checkout_new_connection'
activerecord (6.0.3.4) lib/active_record/connection_adapters/abstract/connection_pool.rb:910:in `try_to_checkout_new_connection'
activerecord (6.0.3.4) lib/active_record/connection_adapters/abstract/connection_pool.rb:871:in `acquire_connection'
activerecord (6.0.3.4) lib/active_record/connection_adapters/abstract/connection_pool.rb:593:in `checkout'
activerecord (6.0.3.4) lib/active_record/connection_adapters/abstract/connection_pool.rb:437:in `connection'
activerecord (6.0.3.4) lib/active_record/connection_adapters/abstract/connection_pool.rb:1119:in `retrieve_connection'
activerecord (6.0.3.4) lib/active_record/connection_handling.rb:221:in `retrieve_connection'
activerecord (6.0.3.4) lib/active_record/connection_handling.rb:189:in `connection'
activerecord (6.0.3.4) lib/active_record/migration.rb:562:in `call'
actionpack (6.0.3.4) lib/action_dispatch/middleware/callbacks.rb:27:in `block in call'
activesupport (6.0.3.4) lib/active_support/callbacks.rb:101:in `run_callbacks'
actionpack (6.0.3.4) lib/action_dispatch/middleware/callbacks.rb:26:in `call'
actionpack (6.0.3.4) lib/action_dispatch/middleware/executor.rb:14:in `call'
actionpack (6.0.3.4) lib/action_dispatch/middleware/actionable_exceptions.rb:18:in `call'
actionpack (6.0.3.4) lib/action_dispatch/middleware/debug_exceptions.rb:32:in `call'
web-console (4.1.0) lib/web_console/middleware.rb:132:in `call_app'
web-console (4.1.0) lib/web_console/middleware.rb:28:in `block in call'
web-console (4.1.0) lib/web_console/middleware.rb:17:in `catch'
web-console (4.1.0) lib/web_console/middleware.rb:17:in `call'
actionpack (6.0.3.4) lib/action_dispatch/middleware/show_exceptions.rb:33:in `call'
railties (6.0.3.4) lib/rails/rack/logger.rb:37:in `call_app'
railties (6.0.3.4) lib/rails/rack/logger.rb:26:in `block in call'
activesupport (6.0.3.4) lib/active_support/tagged_logging.rb:80:in `block in tagged'
activesupport (6.0.3.4) lib/active_support/tagged_logging.rb:28:in `tagged'
activesupport (6.0.3.4) lib/active_support/tagged_logging.rb:80:in `tagged'
railties (6.0.3.4) lib/rails/rack/logger.rb:26:in `call'
sprockets-rails (3.2.2) lib/sprockets/rails/quiet_assets.rb:13:in `call'
actionpack (6.0.3.4) lib/action_dispatch/middleware/remote_ip.rb:81:in `call'
actionpack (6.0.3.4) lib/action_dispatch/middleware/request_id.rb:27:in `call'
rack (2.2.3) lib/rack/method_override.rb:24:in `call'
rack (2.2.3) lib/rack/runtime.rb:22:in `call'
activesupport (6.0.3.4) lib/active_support/cache/strategy/local_cache_middleware.rb:29:in `call'
actionpack (6.0.3.4) lib/action_dispatch/middleware/executor.rb:14:in `call'
actionpack (6.0.3.4) lib/action_dispatch/middleware/static.rb:126:in `call'
rack (2.2.3) lib/rack/sendfile.rb:110:in `call'
actionpack (6.0.3.4) lib/action_dispatch/middleware/host_authorization.rb:82:in `call'
webpacker (4.3.0) lib/webpacker/dev_server_proxy.rb:23:in `perform_request'
rack-proxy (0.6.5) lib/rack/proxy.rb:57:in `call'
railties (6.0.3.4) lib/rails/engine.rb:527:in `call'
puma (4.3.6) lib/puma/configuration.rb:228:in `call'
puma (4.3.6) lib/puma/server.rb:713:in `handle_request'
puma (4.3.6) lib/puma/server.rb:472:in `process_client'
puma (4.3.6) lib/puma/server.rb:328:in `block in run'
puma (4.3.6) lib/puma/thread_pool.rb:134:in `block in spawn_thread'
  [1m[35m (220.9ms)[0m  [1m[35mCREATE DATABASE "Monthlee_development" ENCODING = 'unicode'[0m
  [1m[35m (96.4ms)[0m  [1m[35mCREATE DATABASE "Monthlee_test" ENCODING = 'unicode'[0m
  [1m[35m (29.4ms)[0m  [1m[35mCREATE TABLE "schema_migrations" ("version" character varying NOT NULL PRIMARY KEY)[0m
  [1m[35m (20.5ms)[0m  [1m[35mCREATE TABLE "ar_internal_metadata" ("key" character varying NOT NULL PRIMARY KEY, "value" character varying, "created_at" timestamp(6) NOT NULL, "updated_at" timestamp(6) NOT NULL)[0m
  [1m[35m (5.7ms)[0m  [1m[34mSELECT pg_try_advisory_lock(8774356113262724460)[0m
  [1m[35m (1.2ms)[0m  [1m[34mSELECT "schema_migrations"."version" FROM "schema_migrations" ORDER BY "schema_migrations"."version" ASC[0m
Migrating to DeviseCreateUsers (20201130134939)
  [1m[35m (0.2ms)[0m  [1m[35mBEGIN[0m
  [1m[35m (37.9ms)[0m  [1m[35mCREATE TABLE "users" ("id" bigserial primary key, "first_name" character varying, "last_name" character varying, "adress" character varying, "address_sup" character varying, "door_code" character varying, "city" character varying, "zipcode" character varying, "phone_number" character varying, "email" character varying DEFAULT '' NOT NULL, "encrypted_password" character varying DEFAULT '' NOT NULL, "reset_password_token" character varying, "reset_password_sent_at" timestamp, "remember_created_at" timestamp, "created_at" timestamp(6) NOT NULL, "updated_at" timestamp(6) NOT NULL)[0m
  [1m[35m (0.9ms)[0m  [1m[35mCREATE UNIQUE INDEX  "index_users_on_email" ON "users"  ("email")[0m
  [1m[35m (1.8ms)[0m  [1m[35mCREATE UNIQUE INDEX  "index_users_on_reset_password_token" ON "users"  ("reset_password_token")[0m
  [1m[36mprimary::SchemaMigration Create (0.7ms)[0m  [1m[32mINSERT INTO "schema_migrations" ("version") VALUES ($1) RETURNING "version"[0m  [["version", "20201130134939"]]
  [1m[35m (11.7ms)[0m  [1m[35mCOMMIT[0m
Migrating to CreateCarts (20201130144203)
  [1m[35m (9.5ms)[0m  [1m[35mBEGIN[0m
  [1m[35m (13.5ms)[0m  [1m[35mCREATE TABLE "carts" ("id" bigserial primary key, "total_price" integer, "created_at" timestamp(6) NOT NULL, "updated_at" timestamp(6) NOT NULL)[0m
  [1m[36mprimary::SchemaMigration Create (0.4ms)[0m  [1m[32mINSERT INTO "schema_migrations" ("version") VALUES ($1) RETURNING "version"[0m  [["version", "20201130144203"]]
  [1m[35m (0.4ms)[0m  [1m[35mCOMMIT[0m
  [1m[36mActiveRecord::InternalMetadata Load (0.8ms)[0m  [1m[34mSELECT "ar_internal_metadata".* FROM "ar_internal_metadata" WHERE "ar_internal_metadata"."key" = $1 LIMIT $2[0m  [["key", "environment"], ["LIMIT", 1]]
  [1m[35m (0.1ms)[0m  [1m[35mBEGIN[0m
  [1m[36mActiveRecord::InternalMetadata Create (6.6ms)[0m  [1m[32mINSERT INTO "ar_internal_metadata" ("key", "value", "created_at", "updated_at") VALUES ($1, $2, $3, $4) RETURNING "key"[0m  [["key", "environment"], ["value", "development"], ["created_at", "2020-11-30 15:31:12.809140"], ["updated_at", "2020-11-30 15:31:12.809140"]]
  [1m[35m (4.8ms)[0m  [1m[35mCOMMIT[0m
  [1m[35m (0.5ms)[0m  [1m[34mSELECT pg_advisory_unlock(8774356113262724460)[0m
  [1m[35m (0.7ms)[0m  [1m[34mSELECT "schema_migrations"."version" FROM "schema_migrations" ORDER BY "schema_migrations"."version" ASC[0m
Started GET "/" for ::1 at 2020-11-30 16:31:24 +0100
  [1m[35m (1.2ms)[0m  [1m[34mSELECT "schema_migrations"."version" FROM "schema_migrations" ORDER BY "schema_migrations"."version" ASC[0m
Processing by Rails::WelcomeController#index as HTML
  Rendering /Users/Pierre/.rvm/gems/ruby-2.7.1/gems/railties-6.0.3.4/lib/rails/templates/rails/welcome/index.html.erb
  Rendered /Users/Pierre/.rvm/gems/ruby-2.7.1/gems/railties-6.0.3.4/lib/rails/templates/rails/welcome/index.html.erb (Duration: 10.1ms | Allocations: 295)
Completed 200 OK in 20ms (Views: 13.2ms | ActiveRecord: 0.0ms | Allocations: 1661)


Started GET "/" for ::1 at 2020-11-30 16:31:28 +0100
Processing by Rails::WelcomeController#index as HTML
  Rendering /Users/Pierre/.rvm/gems/ruby-2.7.1/gems/railties-6.0.3.4/lib/rails/templates/rails/welcome/index.html.erb
  Rendered /Users/Pierre/.rvm/gems/ruby-2.7.1/gems/railties-6.0.3.4/lib/rails/templates/rails/welcome/index.html.erb (Duration: 14.5ms | Allocations: 179)
Completed 200 OK in 19ms (Views: 16.5ms | ActiveRecord: 0.0ms | Allocations: 800)


Started GET "//" for ::1 at 2020-11-30 16:31:29 +0100
Processing by Rails::WelcomeController#index as HTML
  Rendering /Users/Pierre/.rvm/gems/ruby-2.7.1/gems/railties-6.0.3.4/lib/rails/templates/rails/welcome/index.html.erb
  Rendered /Users/Pierre/.rvm/gems/ruby-2.7.1/gems/railties-6.0.3.4/lib/rails/templates/rails/welcome/index.html.erb (Duration: 0.8ms | Allocations: 8)
Completed 200 OK in 4ms (Views: 1.9ms | ActiveRecord: 0.0ms | Allocations: 324)


Started GET "/" for ::1 at 2020-11-30 16:31:44 +0100
Processing by Rails::WelcomeController#index as HTML
  Rendering /Users/Pierre/.rvm/gems/ruby-2.7.1/gems/railties-6.0.3.4/lib/rails/templates/rails/welcome/index.html.erb
  Rendered /Users/Pierre/.rvm/gems/ruby-2.7.1/gems/railties-6.0.3.4/lib/rails/templates/rails/welcome/index.html.erb (Duration: 0.3ms | Allocations: 8)
Completed 200 OK in 1ms (Views: 0.7ms | ActiveRecord: 0.0ms | Allocations: 323)


Started GET "/users/sign_in" for ::1 at 2020-11-30 16:31:45 +0100
Processing by Devise::SessionsController#new as HTML
  Rendering devise/sessions/new.html.erb within layouts/application
  Rendered devise/shared/_links.html.erb (Duration: 2.3ms | Allocations: 602)
  Rendered devise/sessions/new.html.erb within layouts/application (Duration: 57.7ms | Allocations: 7567)
[Webpacker] Compiling...
[Webpacker] Compiled all packs in /Users/Pierre/Desktop/THP/final_project/THP-Final_Project/public/packs
[Webpacker] Hash: 15d1bb7b54cf6326b9ba
Version: webpack 4.44.2
Time: 2229ms
Built at: 2020-11-30 16:31:50
                                     Asset       Size       Chunks                         Chunk Names
    js/application-9afcbb5693aa87623e69.js    124 KiB  application  [emitted] [immutable]  application
js/application-9afcbb5693aa87623e69.js.map    139 KiB  application  [emitted] [dev]        application
                             manifest.json  364 bytes               [emitted]              
Entrypoint application = js/application-9afcbb5693aa87623e69.js js/application-9afcbb5693aa87623e69.js.map
[./app/javascript/channels sync recursive _channel\.js$] ./app/javascript/channels sync _channel\.js$ 160 bytes {application} [built]
[./app/javascript/channels/index.js] 211 bytes {application} [built]
[./app/javascript/packs/application.js] 749 bytes {application} [built]
[./node_modules/webpack/buildin/module.js] (webpack)/buildin/module.js 552 bytes {application} [built]
    + 3 hidden modules

  Rendered layouts/_navbar.html.erb (Duration: 0.8ms | Allocations: 121)
Completed 200 OK in 4590ms (Views: 4547.9ms | ActiveRecord: 6.6ms | Allocations: 47853)


Started GET "/users/sign_in" for ::1 at 2020-11-30 16:34:39 +0100
Processing by Devise::SessionsController#new as HTML
  Rendering devise/sessions/new.html.erb within layouts/application
  Rendered devise/shared/_links.html.erb (Duration: 0.3ms | Allocations: 131)
  Rendered devise/sessions/new.html.erb within layouts/application (Duration: 3.4ms | Allocations: 1040)
[Webpacker] Everything's up-to-date. Nothing to do
  Rendered layouts/_navbar.html.erb (Duration: 0.1ms | Allocations: 5)
Completed 200 OK in 20ms (Views: 18.5ms | ActiveRecord: 0.0ms | Allocations: 5553)


Started GET "/users/sign_in" for ::1 at 2020-11-30 16:36:41 +0100
Processing by Devise::SessionsController#new as HTML
  Rendering devise/sessions/new.html.erb within layouts/application
  Rendered devise/shared/_links.html.erb (Duration: 1.6ms | Allocations: 511)
  Rendered devise/sessions/new.html.erb within layouts/application (Duration: 6.2ms | Allocations: 1839)
[Webpacker] Everything's up-to-date. Nothing to do
  Rendered layouts/_navbar.html.erb (Duration: 0.5ms | Allocations: 124)
Completed 200 OK in 35ms (Views: 33.6ms | ActiveRecord: 0.0ms | Allocations: 7999)


Started GET "/users/sign_in" for ::1 at 2020-11-30 16:38:02 +0100
Processing by Devise::SessionsController#new as HTML
  Rendering devise/sessions/new.html.erb within layouts/application
  Rendered devise/shared/_links.html.erb (Duration: 1.3ms | Allocations: 515)
  Rendered devise/sessions/new.html.erb within layouts/application (Duration: 4.8ms | Allocations: 1843)
[Webpacker] Everything's up-to-date. Nothing to do
  Rendered layouts/_navbar.html.erb (Duration: 0.3ms | Allocations: 116)
Completed 200 OK in 26ms (Views: 23.3ms | ActiveRecord: 0.0ms | Allocations: 8002)


Started GET "/users/sign_in" for ::1 at 2020-11-30 16:38:56 +0100
Processing by Devise::SessionsController#new as HTML
  Rendering devise/sessions/new.html.erb within layouts/application
  Rendered devise/shared/_links.html.erb (Duration: 1.1ms | Allocations: 511)
  Rendered devise/sessions/new.html.erb within layouts/application (Duration: 4.3ms | Allocations: 1838)
[Webpacker] Everything's up-to-date. Nothing to do
  Rendered layouts/_navbar.html.erb (Duration: 1.1ms | Allocations: 430)
Completed 200 OK in 19ms (Views: 17.8ms | ActiveRecord: 0.0ms | Allocations: 8292)


Started GET "/users/sign_in" for ::1 at 2020-11-30 16:39:18 +0100
Processing by Devise::SessionsController#new as HTML
  Rendering devise/sessions/new.html.erb within layouts/application
  Rendered devise/shared/_links.html.erb (Duration: 1.3ms | Allocations: 511)
  Rendered devise/sessions/new.html.erb within layouts/application (Duration: 6.4ms | Allocations: 1838)
[Webpacker] Everything's up-to-date. Nothing to do
  Rendered layouts/_navbar.html.erb (Duration: 1.4ms | Allocations: 404)
Completed 200 OK in 27ms (Views: 26.1ms | ActiveRecord: 0.0ms | Allocations: 8262)


Started GET "/users/sign_in" for ::1 at 2020-11-30 16:44:16 +0100
Processing by Devise::SessionsController#new as HTML
  Rendering devise/sessions/new.html.erb within layouts/application
  Rendered devise/shared/_links.html.erb (Duration: 0.2ms | Allocations: 131)
  Rendered devise/sessions/new.html.erb within layouts/application (Duration: 1.9ms | Allocations: 1039)
[Webpacker] Everything's up-to-date. Nothing to do
  Rendered layouts/_navbar.html.erb (Duration: 0.9ms | Allocations: 117)
Completed 200 OK in 11ms (Views: 9.9ms | ActiveRecord: 0.0ms | Allocations: 5656)


Started GET "/users/sign_up" for ::1 at 2020-11-30 16:44:19 +0100
Processing by Devise::RegistrationsController#new as HTML
  Rendering devise/registrations/new.html.erb within layouts/application
  Rendered devise/shared/_error_messages.html.erb (Duration: 0.8ms | Allocations: 197)
  Rendered devise/shared/_links.html.erb (Duration: 0.8ms | Allocations: 119)
  Rendered devise/registrations/new.html.erb within layouts/application (Duration: 6.1ms | Allocations: 1790)
[Webpacker] Everything's up-to-date. Nothing to do
  Rendered layouts/_navbar.html.erb (Duration: 0.3ms | Allocations: 123)
Completed 200 OK in 18ms (Views: 15.4ms | ActiveRecord: 0.0ms | Allocations: 7103)


Started GET "/users/sign_up" for ::1 at 2020-11-30 16:44:23 +0100
Processing by Devise::RegistrationsController#new as HTML
  Rendering devise/registrations/new.html.erb within layouts/application
  Rendered devise/shared/_error_messages.html.erb (Duration: 0.0ms | Allocations: 15)
  Rendered devise/shared/_links.html.erb (Duration: 0.1ms | Allocations: 79)
  Rendered devise/registrations/new.html.erb within layouts/application (Duration: 2.1ms | Allocations: 1040)
[Webpacker] Everything's up-to-date. Nothing to do
  Rendered layouts/_navbar.html.erb (Duration: 0.3ms | Allocations: 117)
Completed 200 OK in 11ms (Views: 10.0ms | ActiveRecord: 0.0ms | Allocations: 5610)


Started GET "/users/sign_in" for ::1 at 2020-11-30 16:44:24 +0100
Processing by Devise::SessionsController#new as HTML
  Rendering devise/sessions/new.html.erb within layouts/application
  Rendered devise/shared/_links.html.erb (Duration: 0.4ms | Allocations: 131)
  Rendered devise/sessions/new.html.erb within layouts/application (Duration: 9.0ms | Allocations: 1040)
[Webpacker] Everything's up-to-date. Nothing to do
  Rendered layouts/_navbar.html.erb (Duration: 0.2ms | Allocations: 123)
Completed 200 OK in 23ms (Views: 17.3ms | ActiveRecord: 0.0ms | Allocations: 5663)


Started GET "/users/sign_in" for ::1 at 2020-11-30 16:44:27 +0100
Processing by Devise::SessionsController#new as HTML
  Rendering devise/sessions/new.html.erb within layouts/application
  Rendered devise/shared/_links.html.erb (Duration: 0.2ms | Allocations: 131)
  Rendered devise/sessions/new.html.erb within layouts/application (Duration: 1.9ms | Allocations: 1031)
[Webpacker] Everything's up-to-date. Nothing to do
  Rendered layouts/_navbar.html.erb (Duration: 0.3ms | Allocations: 117)
Completed 200 OK in 10ms (Views: 9.1ms | ActiveRecord: 0.0ms | Allocations: 5647)


Started GET "/users/sign_in" for ::1 at 2020-11-30 16:44:28 +0100
Processing by Devise::SessionsController#new as HTML
  Rendering devise/sessions/new.html.erb within layouts/application
  Rendered devise/shared/_links.html.erb (Duration: 0.2ms | Allocations: 131)
  Rendered devise/sessions/new.html.erb within layouts/application (Duration: 2.4ms | Allocations: 1031)
[Webpacker] Everything's up-to-date. Nothing to do
  Rendered layouts/_navbar.html.erb (Duration: 0.3ms | Allocations: 117)
Completed 200 OK in 12ms (Views: 10.9ms | ActiveRecord: 0.0ms | Allocations: 5648)


Started GET "/users/sign_in" for ::1 at 2020-11-30 16:44:29 +0100
Processing by Devise::SessionsController#new as HTML
  Rendering devise/sessions/new.html.erb within layouts/application
  Rendered devise/shared/_links.html.erb (Duration: 0.2ms | Allocations: 131)
  Rendered devise/sessions/new.html.erb within layouts/application (Duration: 2.0ms | Allocations: 1031)
[Webpacker] Everything's up-to-date. Nothing to do
  Rendered layouts/_navbar.html.erb (Duration: 0.3ms | Allocations: 117)
Completed 200 OK in 11ms (Views: 10.1ms | ActiveRecord: 0.0ms | Allocations: 5638)


Started GET "/users/sign_up" for ::1 at 2020-11-30 16:44:31 +0100
Processing by Devise::RegistrationsController#new as HTML
  Rendering devise/registrations/new.html.erb within layouts/application
  Rendered devise/shared/_error_messages.html.erb (Duration: 0.2ms | Allocations: 15)
  Rendered devise/shared/_links.html.erb (Duration: 0.2ms | Allocations: 79)
  Rendered devise/registrations/new.html.erb within layouts/application (Duration: 9.4ms | Allocations: 1036)
[Webpacker] Everything's up-to-date. Nothing to do
  Rendered layouts/_navbar.html.erb (Duration: 0.5ms | Allocations: 117)
Completed 200 OK in 27ms (Views: 25.3ms | ActiveRecord: 0.0ms | Allocations: 5600)


Started GET "/users/sign_up" for ::1 at 2020-11-30 16:44:32 +0100
Processing by Devise::RegistrationsController#new as HTML
  Rendering devise/registrations/new.html.erb within layouts/application
  Rendered devise/shared/_error_messages.html.erb (Duration: 0.1ms | Allocations: 15)
  Rendered devise/shared/_links.html.erb (Duration: 0.2ms | Allocations: 79)
  Rendered devise/registrations/new.html.erb within layouts/application (Duration: 2.4ms | Allocations: 1036)
[Webpacker] Everything's up-to-date. Nothing to do
  Rendered layouts/_navbar.html.erb (Duration: 0.7ms | Allocations: 117)
Completed 200 OK in 13ms (Views: 11.9ms | ActiveRecord: 0.0ms | Allocations: 5595)


Started GET "/users/sign_in" for ::1 at 2020-11-30 16:44:33 +0100
Processing by Devise::SessionsController#new as HTML
  Rendering devise/sessions/new.html.erb within layouts/application
  Rendered devise/shared/_links.html.erb (Duration: 0.3ms | Allocations: 131)
  Rendered devise/sessions/new.html.erb within layouts/application (Duration: 10.9ms | Allocations: 1031)
[Webpacker] Everything's up-to-date. Nothing to do
  Rendered layouts/_navbar.html.erb (Duration: 0.3ms | Allocations: 117)
Completed 200 OK in 31ms (Views: 23.2ms | ActiveRecord: 0.0ms | Allocations: 5653)


Started GET "/users/sign_in" for ::1 at 2020-11-30 16:44:34 +0100
Processing by Devise::SessionsController#new as HTML
  Rendering devise/sessions/new.html.erb within layouts/application
  Rendered devise/shared/_links.html.erb (Duration: 0.2ms | Allocations: 131)
  Rendered devise/sessions/new.html.erb within layouts/application (Duration: 1.8ms | Allocations: 1031)
[Webpacker] Everything's up-to-date. Nothing to do
  Rendered layouts/_navbar.html.erb (Duration: 0.3ms | Allocations: 117)
Completed 200 OK in 10ms (Views: 9.5ms | ActiveRecord: 0.0ms | Allocations: 5674)


Started GET "/users/sign_up" for ::1 at 2020-11-30 16:44:36 +0100
Processing by Devise::RegistrationsController#new as HTML
  Rendering devise/registrations/new.html.erb within layouts/application
  Rendered devise/shared/_error_messages.html.erb (Duration: 0.1ms | Allocations: 15)
  Rendered devise/shared/_links.html.erb (Duration: 0.5ms | Allocations: 79)
  Rendered devise/registrations/new.html.erb within layouts/application (Duration: 5.6ms | Allocations: 1036)
[Webpacker] Everything's up-to-date. Nothing to do
  Rendered layouts/_navbar.html.erb (Duration: 0.3ms | Allocations: 117)
Completed 200 OK in 25ms (Views: 18.3ms | ActiveRecord: 0.0ms | Allocations: 5604)


Started GET "/users/sign_up" for ::1 at 2020-11-30 16:44:37 +0100
Processing by Devise::RegistrationsController#new as HTML
  Rendering devise/registrations/new.html.erb within layouts/application
  Rendered devise/shared/_error_messages.html.erb (Duration: 0.3ms | Allocations: 15)
  Rendered devise/shared/_links.html.erb (Duration: 0.9ms | Allocations: 79)
  Rendered devise/registrations/new.html.erb within layouts/application (Duration: 6.6ms | Allocations: 1036)
[Webpacker] Everything's up-to-date. Nothing to do
  Rendered layouts/_navbar.html.erb (Duration: 0.4ms | Allocations: 117)
Completed 200 OK in 25ms (Views: 21.0ms | ActiveRecord: 0.0ms | Allocations: 5615)


Started GET "/users/sign_up" for ::1 at 2020-11-30 16:49:43 +0100
Processing by Devise::RegistrationsController#new as HTML
  Rendering devise/registrations/new.html.erb within layouts/application
  Rendered devise/shared/_error_messages.html.erb (Duration: 1.0ms | Allocations: 189)
  Rendered devise/shared/_links.html.erb (Duration: 1.2ms | Allocations: 459)
  Rendered devise/registrations/new.html.erb within layouts/application (Duration: 7.8ms | Allocations: 2188)
[Webpacker] Everything's up-to-date. Nothing to do
  Rendered layouts/_navbar.html.erb (Duration: 1.7ms | Allocations: 394)
Completed 200 OK in 33ms (Views: 32.1ms | ActiveRecord: 0.0ms | Allocations: 8554)


<<<<<<< HEAD
Started GET "/users/sign_in" for ::1 at 2020-11-30 22:10:39 +0100
  [1m[35m (1.6ms)[0m  [1m[34mSELECT "schema_migrations"."version" FROM "schema_migrations" ORDER BY "schema_migrations"."version" ASC[0m
Processing by Devise::SessionsController#new as HTML
  Rendering devise/sessions/new.html.erb within layouts/application
  Rendered devise/shared/_links.html.erb (Duration: 1.8ms | Allocations: 595)
  Rendered devise/sessions/new.html.erb within layouts/application (Duration: 39.9ms | Allocations: 7256)
[Webpacker] Everything's up-to-date. Nothing to do
  Rendered layouts/_navbar.html.erb (Duration: 2.0ms | Allocations: 421)
Completed 200 OK in 188ms (Views: 105.5ms | ActiveRecord: 49.3ms | Allocations: 27359)


Started GET "/users/sign_up" for ::1 at 2020-11-30 22:10:46 +0100
Processing by Devise::RegistrationsController#new as HTML
  Rendering devise/registrations/new.html.erb within layouts/application
  Rendered devise/shared/_error_messages.html.erb (Duration: 1.8ms | Allocations: 197)
  Rendered devise/shared/_links.html.erb (Duration: 0.9ms | Allocations: 119)
  Rendered devise/registrations/new.html.erb within layouts/application (Duration: 9.0ms | Allocations: 1854)
[Webpacker] Everything's up-to-date. Nothing to do
  Rendered layouts/_navbar.html.erb (Duration: 0.4ms | Allocations: 123)
Completed 200 OK in 32ms (Views: 28.6ms | ActiveRecord: 0.0ms | Allocations: 7228)


Started GET "/users/sign_up" for ::1 at 2020-11-30 22:14:59 +0100
Processing by Devise::RegistrationsController#new as HTML
  Rendering devise/registrations/new.html.erb within layouts/application
  Rendered devise/shared/_error_messages.html.erb (Duration: 1.9ms | Allocations: 189)
  Rendered devise/shared/_links.html.erb (Duration: 2.8ms | Allocations: 459)
  Rendered devise/registrations/new.html.erb within layouts/application (Duration: 19.5ms | Allocations: 2285)
[Webpacker] Everything's up-to-date. Nothing to do
  Rendered layouts/_navbar.html.erb (Duration: 2.4ms | Allocations: 393)
Completed 200 OK in 88ms (Views: 76.9ms | ActiveRecord: 0.0ms | Allocations: 8736)


Started GET "/users/sign_up" for ::1 at 2020-11-30 22:16:07 +0100
Processing by Devise::RegistrationsController#new as HTML
  Rendering devise/registrations/new.html.erb within layouts/application
  Rendered devise/shared/_error_messages.html.erb (Duration: 1.7ms | Allocations: 189)
  Rendered devise/shared/_links.html.erb (Duration: 2.4ms | Allocations: 459)
  Rendered devise/registrations/new.html.erb within layouts/application (Duration: 16.0ms | Allocations: 2279)
[Webpacker] Everything's up-to-date. Nothing to do
  Rendered layouts/_navbar.html.erb (Duration: 3.0ms | Allocations: 394)
Completed 200 OK in 65ms (Views: 59.0ms | ActiveRecord: 0.0ms | Allocations: 8783)


Started GET "/users/sign_up" for ::1 at 2020-11-30 22:16:12 +0100
=======
Started GET "/users/sign_up" for ::1 at 2020-11-30 16:53:56 +0100
  [1m[35m (6.4ms)[0m  [1m[34mSELECT "schema_migrations"."version" FROM "schema_migrations" ORDER BY "schema_migrations"."version" ASC[0m
Processing by Devise::RegistrationsController#new as HTML
  Rendering devise/registrations/new.html.erb within layouts/application
  Rendered devise/shared/_error_messages.html.erb (Duration: 1.0ms | Allocations: 198)
  Rendered devise/shared/_links.html.erb (Duration: 1.6ms | Allocations: 516)
  Rendered devise/registrations/new.html.erb within layouts/application (Duration: 20.4ms | Allocations: 4880)
[Webpacker] Everything's up-to-date. Nothing to do
  Rendered layouts/_navbar.html.erb (Duration: 2.2ms | Allocations: 421)
Completed 200 OK in 93ms (Views: 58.6ms | ActiveRecord: 4.7ms | Allocations: 23383)


Started GET "/users/sign_up" for ::1 at 2020-11-30 16:53:57 +0100
>>>>>>> development
Processing by Devise::RegistrationsController#new as HTML
  Rendering devise/registrations/new.html.erb within layouts/application
  Rendered devise/shared/_error_messages.html.erb (Duration: 0.1ms | Allocations: 15)
  Rendered devise/shared/_links.html.erb (Duration: 0.3ms | Allocations: 80)
<<<<<<< HEAD
  Rendered devise/registrations/new.html.erb within layouts/application (Duration: 4.8ms | Allocations: 1097)
[Webpacker] Everything's up-to-date. Nothing to do
  Rendered layouts/_navbar.html.erb (Duration: 0.5ms | Allocations: 117)
Completed 200 OK in 20ms (Views: 17.7ms | ActiveRecord: 0.0ms | Allocations: 5761)


Started GET "/users/sign_up" for ::1 at 2020-11-30 22:16:16 +0100
Processing by Devise::RegistrationsController#new as HTML
  Rendering devise/registrations/new.html.erb within layouts/application
  Rendered devise/shared/_error_messages.html.erb (Duration: 0.2ms | Allocations: 15)
  Rendered devise/shared/_links.html.erb (Duration: 0.3ms | Allocations: 79)
  Rendered devise/registrations/new.html.erb within layouts/application (Duration: 6.3ms | Allocations: 1090)
[Webpacker] Everything's up-to-date. Nothing to do
  Rendered layouts/_navbar.html.erb (Duration: 1.1ms | Allocations: 117)
Completed 200 OK in 25ms (Views: 22.5ms | ActiveRecord: 0.0ms | Allocations: 5783)


Started GET "/users/sign_up" for ::1 at 2020-11-30 22:16:17 +0100
Processing by Devise::RegistrationsController#new as HTML
  Rendering devise/registrations/new.html.erb within layouts/application
  Rendered devise/shared/_error_messages.html.erb (Duration: 0.0ms | Allocations: 15)
  Rendered devise/shared/_links.html.erb (Duration: 0.2ms | Allocations: 79)
  Rendered devise/registrations/new.html.erb within layouts/application (Duration: 4.6ms | Allocations: 1090)
[Webpacker] Everything's up-to-date. Nothing to do
  Rendered layouts/_navbar.html.erb (Duration: 0.5ms | Allocations: 117)
Completed 200 OK in 22ms (Views: 19.4ms | ActiveRecord: 0.0ms | Allocations: 5762)


Started GET "/users/sign_up" for ::1 at 2020-11-30 22:16:19 +0100
Processing by Devise::RegistrationsController#new as HTML
  Rendering devise/registrations/new.html.erb within layouts/application
  Rendered devise/shared/_error_messages.html.erb (Duration: 0.2ms | Allocations: 15)
  Rendered devise/shared/_links.html.erb (Duration: 0.2ms | Allocations: 79)
  Rendered devise/registrations/new.html.erb within layouts/application (Duration: 2.8ms | Allocations: 1089)
[Webpacker] Everything's up-to-date. Nothing to do
  Rendered layouts/_navbar.html.erb (Duration: 0.4ms | Allocations: 117)
Completed 200 OK in 15ms (Views: 13.3ms | ActiveRecord: 0.0ms | Allocations: 5740)


Started GET "/users/sign_up" for ::1 at 2020-11-30 22:16:19 +0100
Processing by Devise::RegistrationsController#new as HTML
  Rendering devise/registrations/new.html.erb within layouts/application
  Rendered devise/shared/_error_messages.html.erb (Duration: 0.1ms | Allocations: 15)
  Rendered devise/shared/_links.html.erb (Duration: 0.3ms | Allocations: 79)
  Rendered devise/registrations/new.html.erb within layouts/application (Duration: 3.8ms | Allocations: 1089)
[Webpacker] Everything's up-to-date. Nothing to do
  Rendered layouts/_navbar.html.erb (Duration: 0.3ms | Allocations: 117)
Completed 200 OK in 15ms (Views: 13.6ms | ActiveRecord: 0.0ms | Allocations: 5762)


Started GET "/users/sign_up" for ::1 at 2020-11-30 22:16:20 +0100
Processing by Devise::RegistrationsController#new as HTML
  Rendering devise/registrations/new.html.erb within layouts/application
  Rendered devise/shared/_error_messages.html.erb (Duration: 0.1ms | Allocations: 15)
  Rendered devise/shared/_links.html.erb (Duration: 0.2ms | Allocations: 79)
  Rendered devise/registrations/new.html.erb within layouts/application (Duration: 3.5ms | Allocations: 1089)
[Webpacker] Everything's up-to-date. Nothing to do
  Rendered layouts/_navbar.html.erb (Duration: 0.3ms | Allocations: 117)
Completed 200 OK in 16ms (Views: 14.0ms | ActiveRecord: 0.0ms | Allocations: 5747)


Started GET "/users/sign_ing" for ::1 at 2020-11-30 22:16:26 +0100
  
ActionController::RoutingError (No route matches [GET] "/users/sign_ing"):
=======
  Rendered devise/registrations/new.html.erb within layouts/application (Duration: 4.5ms | Allocations: 1045)
[Webpacker] Everything's up-to-date. Nothing to do
  Rendered layouts/_navbar.html.erb (Duration: 0.4ms | Allocations: 117)
Completed 200 OK in 19ms (Views: 16.7ms | ActiveRecord: 0.0ms | Allocations: 5626)


Started GET "/users/sign_up" for ::1 at 2020-11-30 16:53:58 +0100
Processing by Devise::RegistrationsController#new as HTML
  Rendering devise/registrations/new.html.erb within layouts/application
  Rendered devise/shared/_error_messages.html.erb (Duration: 0.1ms | Allocations: 15)
  Rendered devise/shared/_links.html.erb (Duration: 0.3ms | Allocations: 79)
  Rendered devise/registrations/new.html.erb within layouts/application (Duration: 4.7ms | Allocations: 1037)
[Webpacker] Everything's up-to-date. Nothing to do
  Rendered layouts/_navbar.html.erb (Duration: 0.6ms | Allocations: 117)
Completed 200 OK in 29ms (Views: 27.1ms | ActiveRecord: 0.0ms | Allocations: 5622)


Started GET "/users/sign_up" for ::1 at 2020-11-30 16:53:59 +0100
Processing by Devise::RegistrationsController#new as HTML
  Rendering devise/registrations/new.html.erb within layouts/application
  Rendered devise/shared/_error_messages.html.erb (Duration: 0.1ms | Allocations: 15)
  Rendered devise/shared/_links.html.erb (Duration: 0.2ms | Allocations: 79)
  Rendered devise/registrations/new.html.erb within layouts/application (Duration: 4.4ms | Allocations: 1037)
[Webpacker] Everything's up-to-date. Nothing to do
  Rendered layouts/_navbar.html.erb (Duration: 0.2ms | Allocations: 117)
Completed 200 OK in 43ms (Views: 41.6ms | ActiveRecord: 0.0ms | Allocations: 5624)


Started GET "/users/sign_up" for ::1 at 2020-11-30 17:33:18 +0100
  [1m[35m (0.6ms)[0m  [1m[34mSELECT "schema_migrations"."version" FROM "schema_migrations" ORDER BY "schema_migrations"."version" ASC[0m
Processing by Devise::RegistrationsController#new as HTML
  Rendering devise/registrations/new.html.erb within layouts/application
  Rendered devise/shared/_error_messages.html.erb (Duration: 0.8ms | Allocations: 198)
  Rendered devise/shared/_links.html.erb (Duration: 1.7ms | Allocations: 516)
  Rendered devise/registrations/new.html.erb within layouts/application (Duration: 16.6ms | Allocations: 4880)
[Webpacker] Everything's up-to-date. Nothing to do
  Rendered layouts/_navbar.html.erb (Duration: 1.3ms | Allocations: 421)
Completed 200 OK in 81ms (Views: 50.1ms | ActiveRecord: 4.2ms | Allocations: 23387)


Started GET "/users" for ::1 at 2020-11-30 17:33:19 +0100
  
ActionController::RoutingError (No route matches [GET] "/users"):
  
actionpack (6.0.3.4) lib/action_dispatch/middleware/debug_exceptions.rb:36:in `call'
web-console (4.1.0) lib/web_console/middleware.rb:132:in `call_app'
web-console (4.1.0) lib/web_console/middleware.rb:28:in `block in call'
web-console (4.1.0) lib/web_console/middleware.rb:17:in `catch'
web-console (4.1.0) lib/web_console/middleware.rb:17:in `call'
actionpack (6.0.3.4) lib/action_dispatch/middleware/show_exceptions.rb:33:in `call'
railties (6.0.3.4) lib/rails/rack/logger.rb:37:in `call_app'
railties (6.0.3.4) lib/rails/rack/logger.rb:26:in `block in call'
activesupport (6.0.3.4) lib/active_support/tagged_logging.rb:80:in `block in tagged'
activesupport (6.0.3.4) lib/active_support/tagged_logging.rb:28:in `tagged'
activesupport (6.0.3.4) lib/active_support/tagged_logging.rb:80:in `tagged'
railties (6.0.3.4) lib/rails/rack/logger.rb:26:in `call'
sprockets-rails (3.2.2) lib/sprockets/rails/quiet_assets.rb:13:in `call'
actionpack (6.0.3.4) lib/action_dispatch/middleware/remote_ip.rb:81:in `call'
actionpack (6.0.3.4) lib/action_dispatch/middleware/request_id.rb:27:in `call'
rack (2.2.3) lib/rack/method_override.rb:24:in `call'
rack (2.2.3) lib/rack/runtime.rb:22:in `call'
activesupport (6.0.3.4) lib/active_support/cache/strategy/local_cache_middleware.rb:29:in `call'
actionpack (6.0.3.4) lib/action_dispatch/middleware/executor.rb:14:in `call'
actionpack (6.0.3.4) lib/action_dispatch/middleware/static.rb:126:in `call'
rack (2.2.3) lib/rack/sendfile.rb:110:in `call'
actionpack (6.0.3.4) lib/action_dispatch/middleware/host_authorization.rb:82:in `call'
webpacker (4.3.0) lib/webpacker/dev_server_proxy.rb:23:in `perform_request'
rack-proxy (0.6.5) lib/rack/proxy.rb:57:in `call'
railties (6.0.3.4) lib/rails/engine.rb:527:in `call'
puma (4.3.6) lib/puma/configuration.rb:228:in `call'
puma (4.3.6) lib/puma/server.rb:713:in `handle_request'
puma (4.3.6) lib/puma/server.rb:472:in `process_client'
puma (4.3.6) lib/puma/server.rb:328:in `block in run'
puma (4.3.6) lib/puma/thread_pool.rb:134:in `block in spawn_thread'
Started GET "/users/sign_in" for ::1 at 2020-11-30 17:33:19 +0100
Processing by Devise::SessionsController#new as HTML
  Rendering devise/sessions/new.html.erb within layouts/application
  Rendered devise/shared/_links.html.erb (Duration: 2.2ms | Allocations: 201)
  Rendered devise/sessions/new.html.erb within layouts/application (Duration: 15.0ms | Allocations: 1666)
[Webpacker] Everything's up-to-date. Nothing to do
  Rendered layouts/_navbar.html.erb (Duration: 0.3ms | Allocations: 127)
Completed 200 OK in 31ms (Views: 29.7ms | ActiveRecord: 0.0ms | Allocations: 7098)


Started GET "/" for ::1 at 2020-11-30 17:33:20 +0100
Processing by Rails::WelcomeController#index as HTML
  Rendering /Users/Pierre/.rvm/gems/ruby-2.7.1/gems/railties-6.0.3.4/lib/rails/templates/rails/welcome/index.html.erb
  Rendered /Users/Pierre/.rvm/gems/ruby-2.7.1/gems/railties-6.0.3.4/lib/rails/templates/rails/welcome/index.html.erb (Duration: 11.6ms | Allocations: 183)
Completed 200 OK in 15ms (Views: 13.0ms | ActiveRecord: 0.0ms | Allocations: 960)


Started GET "/panier/1" for ::1 at 2020-11-30 17:33:20 +0100
  
ActionController::RoutingError (No route matches [GET] "/panier/1"):
>>>>>>> development
  
actionpack (6.0.3.4) lib/action_dispatch/middleware/debug_exceptions.rb:36:in `call'
web-console (4.1.0) lib/web_console/middleware.rb:132:in `call_app'
web-console (4.1.0) lib/web_console/middleware.rb:28:in `block in call'
web-console (4.1.0) lib/web_console/middleware.rb:17:in `catch'
web-console (4.1.0) lib/web_console/middleware.rb:17:in `call'
actionpack (6.0.3.4) lib/action_dispatch/middleware/show_exceptions.rb:33:in `call'
railties (6.0.3.4) lib/rails/rack/logger.rb:37:in `call_app'
railties (6.0.3.4) lib/rails/rack/logger.rb:26:in `block in call'
activesupport (6.0.3.4) lib/active_support/tagged_logging.rb:80:in `block in tagged'
activesupport (6.0.3.4) lib/active_support/tagged_logging.rb:28:in `tagged'
activesupport (6.0.3.4) lib/active_support/tagged_logging.rb:80:in `tagged'
railties (6.0.3.4) lib/rails/rack/logger.rb:26:in `call'
sprockets-rails (3.2.2) lib/sprockets/rails/quiet_assets.rb:13:in `call'
actionpack (6.0.3.4) lib/action_dispatch/middleware/remote_ip.rb:81:in `call'
actionpack (6.0.3.4) lib/action_dispatch/middleware/request_id.rb:27:in `call'
rack (2.2.3) lib/rack/method_override.rb:24:in `call'
rack (2.2.3) lib/rack/runtime.rb:22:in `call'
activesupport (6.0.3.4) lib/active_support/cache/strategy/local_cache_middleware.rb:29:in `call'
actionpack (6.0.3.4) lib/action_dispatch/middleware/executor.rb:14:in `call'
actionpack (6.0.3.4) lib/action_dispatch/middleware/static.rb:126:in `call'
rack (2.2.3) lib/rack/sendfile.rb:110:in `call'
actionpack (6.0.3.4) lib/action_dispatch/middleware/host_authorization.rb:82:in `call'
webpacker (4.3.0) lib/webpacker/dev_server_proxy.rb:23:in `perform_request'
rack-proxy (0.6.5) lib/rack/proxy.rb:57:in `call'
railties (6.0.3.4) lib/rails/engine.rb:527:in `call'
puma (4.3.6) lib/puma/configuration.rb:228:in `call'
puma (4.3.6) lib/puma/server.rb:713:in `handle_request'
puma (4.3.6) lib/puma/server.rb:472:in `process_client'
puma (4.3.6) lib/puma/server.rb:328:in `block in run'
puma (4.3.6) lib/puma/thread_pool.rb:134:in `block in spawn_thread'
<<<<<<< HEAD
Started GET "/users/sign_in" for ::1 at 2020-11-30 22:16:30 +0100
Processing by Devise::SessionsController#new as HTML
  Rendering devise/sessions/new.html.erb within layouts/application
  Rendered devise/shared/_links.html.erb (Duration: 0.3ms | Allocations: 133)
  Rendered devise/sessions/new.html.erb within layouts/application (Duration: 5.2ms | Allocations: 1105)
[Webpacker] Everything's up-to-date. Nothing to do
  Rendered layouts/_navbar.html.erb (Duration: 0.3ms | Allocations: 127)
Completed 200 OK in 25ms (Views: 22.1ms | ActiveRecord: 0.0ms | Allocations: 6554)


Started GET "/users/sign_ind" for ::1 at 2020-11-30 22:16:35 +0100
  
ActionController::RoutingError (No route matches [GET] "/users/sign_ind"):
=======
Started GET "/profil/1" for ::1 at 2020-11-30 17:33:20 +0100
  
ActionController::RoutingError (No route matches [GET] "/profil/1"):
  
actionpack (6.0.3.4) lib/action_dispatch/middleware/debug_exceptions.rb:36:in `call'
web-console (4.1.0) lib/web_console/middleware.rb:132:in `call_app'
web-console (4.1.0) lib/web_console/middleware.rb:28:in `block in call'
web-console (4.1.0) lib/web_console/middleware.rb:17:in `catch'
web-console (4.1.0) lib/web_console/middleware.rb:17:in `call'
actionpack (6.0.3.4) lib/action_dispatch/middleware/show_exceptions.rb:33:in `call'
railties (6.0.3.4) lib/rails/rack/logger.rb:37:in `call_app'
railties (6.0.3.4) lib/rails/rack/logger.rb:26:in `block in call'
activesupport (6.0.3.4) lib/active_support/tagged_logging.rb:80:in `block in tagged'
activesupport (6.0.3.4) lib/active_support/tagged_logging.rb:28:in `tagged'
activesupport (6.0.3.4) lib/active_support/tagged_logging.rb:80:in `tagged'
railties (6.0.3.4) lib/rails/rack/logger.rb:26:in `call'
sprockets-rails (3.2.2) lib/sprockets/rails/quiet_assets.rb:13:in `call'
actionpack (6.0.3.4) lib/action_dispatch/middleware/remote_ip.rb:81:in `call'
actionpack (6.0.3.4) lib/action_dispatch/middleware/request_id.rb:27:in `call'
rack (2.2.3) lib/rack/method_override.rb:24:in `call'
rack (2.2.3) lib/rack/runtime.rb:22:in `call'
activesupport (6.0.3.4) lib/active_support/cache/strategy/local_cache_middleware.rb:29:in `call'
actionpack (6.0.3.4) lib/action_dispatch/middleware/executor.rb:14:in `call'
actionpack (6.0.3.4) lib/action_dispatch/middleware/static.rb:126:in `call'
rack (2.2.3) lib/rack/sendfile.rb:110:in `call'
actionpack (6.0.3.4) lib/action_dispatch/middleware/host_authorization.rb:82:in `call'
webpacker (4.3.0) lib/webpacker/dev_server_proxy.rb:23:in `perform_request'
rack-proxy (0.6.5) lib/rack/proxy.rb:57:in `call'
railties (6.0.3.4) lib/rails/engine.rb:527:in `call'
puma (4.3.6) lib/puma/configuration.rb:228:in `call'
puma (4.3.6) lib/puma/server.rb:713:in `handle_request'
puma (4.3.6) lib/puma/server.rb:472:in `process_client'
puma (4.3.6) lib/puma/server.rb:328:in `block in run'
puma (4.3.6) lib/puma/thread_pool.rb:134:in `block in spawn_thread'
Started GET "/profile" for ::1 at 2020-11-30 17:33:23 +0100
  
ActionController::RoutingError (No route matches [GET] "/profile"):
  
actionpack (6.0.3.4) lib/action_dispatch/middleware/debug_exceptions.rb:36:in `call'
web-console (4.1.0) lib/web_console/middleware.rb:132:in `call_app'
web-console (4.1.0) lib/web_console/middleware.rb:28:in `block in call'
web-console (4.1.0) lib/web_console/middleware.rb:17:in `catch'
web-console (4.1.0) lib/web_console/middleware.rb:17:in `call'
actionpack (6.0.3.4) lib/action_dispatch/middleware/show_exceptions.rb:33:in `call'
railties (6.0.3.4) lib/rails/rack/logger.rb:37:in `call_app'
railties (6.0.3.4) lib/rails/rack/logger.rb:26:in `block in call'
activesupport (6.0.3.4) lib/active_support/tagged_logging.rb:80:in `block in tagged'
activesupport (6.0.3.4) lib/active_support/tagged_logging.rb:28:in `tagged'
activesupport (6.0.3.4) lib/active_support/tagged_logging.rb:80:in `tagged'
railties (6.0.3.4) lib/rails/rack/logger.rb:26:in `call'
sprockets-rails (3.2.2) lib/sprockets/rails/quiet_assets.rb:13:in `call'
actionpack (6.0.3.4) lib/action_dispatch/middleware/remote_ip.rb:81:in `call'
actionpack (6.0.3.4) lib/action_dispatch/middleware/request_id.rb:27:in `call'
rack (2.2.3) lib/rack/method_override.rb:24:in `call'
rack (2.2.3) lib/rack/runtime.rb:22:in `call'
activesupport (6.0.3.4) lib/active_support/cache/strategy/local_cache_middleware.rb:29:in `call'
actionpack (6.0.3.4) lib/action_dispatch/middleware/executor.rb:14:in `call'
actionpack (6.0.3.4) lib/action_dispatch/middleware/static.rb:126:in `call'
rack (2.2.3) lib/rack/sendfile.rb:110:in `call'
actionpack (6.0.3.4) lib/action_dispatch/middleware/host_authorization.rb:82:in `call'
webpacker (4.3.0) lib/webpacker/dev_server_proxy.rb:23:in `perform_request'
rack-proxy (0.6.5) lib/rack/proxy.rb:57:in `call'
railties (6.0.3.4) lib/rails/engine.rb:527:in `call'
puma (4.3.6) lib/puma/configuration.rb:228:in `call'
puma (4.3.6) lib/puma/server.rb:713:in `handle_request'
puma (4.3.6) lib/puma/server.rb:472:in `process_client'
puma (4.3.6) lib/puma/server.rb:328:in `block in run'
puma (4.3.6) lib/puma/thread_pool.rb:134:in `block in spawn_thread'
Started GET "/profile" for ::1 at 2020-11-30 17:33:26 +0100
  
ActionController::RoutingError (No route matches [GET] "/profile"):
  
actionpack (6.0.3.4) lib/action_dispatch/middleware/debug_exceptions.rb:36:in `call'
web-console (4.1.0) lib/web_console/middleware.rb:132:in `call_app'
web-console (4.1.0) lib/web_console/middleware.rb:28:in `block in call'
web-console (4.1.0) lib/web_console/middleware.rb:17:in `catch'
web-console (4.1.0) lib/web_console/middleware.rb:17:in `call'
actionpack (6.0.3.4) lib/action_dispatch/middleware/show_exceptions.rb:33:in `call'
railties (6.0.3.4) lib/rails/rack/logger.rb:37:in `call_app'
railties (6.0.3.4) lib/rails/rack/logger.rb:26:in `block in call'
activesupport (6.0.3.4) lib/active_support/tagged_logging.rb:80:in `block in tagged'
activesupport (6.0.3.4) lib/active_support/tagged_logging.rb:28:in `tagged'
activesupport (6.0.3.4) lib/active_support/tagged_logging.rb:80:in `tagged'
railties (6.0.3.4) lib/rails/rack/logger.rb:26:in `call'
sprockets-rails (3.2.2) lib/sprockets/rails/quiet_assets.rb:13:in `call'
actionpack (6.0.3.4) lib/action_dispatch/middleware/remote_ip.rb:81:in `call'
actionpack (6.0.3.4) lib/action_dispatch/middleware/request_id.rb:27:in `call'
rack (2.2.3) lib/rack/method_override.rb:24:in `call'
rack (2.2.3) lib/rack/runtime.rb:22:in `call'
activesupport (6.0.3.4) lib/active_support/cache/strategy/local_cache_middleware.rb:29:in `call'
actionpack (6.0.3.4) lib/action_dispatch/middleware/executor.rb:14:in `call'
actionpack (6.0.3.4) lib/action_dispatch/middleware/static.rb:126:in `call'
rack (2.2.3) lib/rack/sendfile.rb:110:in `call'
actionpack (6.0.3.4) lib/action_dispatch/middleware/host_authorization.rb:82:in `call'
webpacker (4.3.0) lib/webpacker/dev_server_proxy.rb:23:in `perform_request'
rack-proxy (0.6.5) lib/rack/proxy.rb:57:in `call'
railties (6.0.3.4) lib/rails/engine.rb:527:in `call'
puma (4.3.6) lib/puma/configuration.rb:228:in `call'
puma (4.3.6) lib/puma/server.rb:713:in `handle_request'
puma (4.3.6) lib/puma/server.rb:472:in `process_client'
puma (4.3.6) lib/puma/server.rb:328:in `block in run'
puma (4.3.6) lib/puma/thread_pool.rb:134:in `block in spawn_thread'
Started GET "/profil" for ::1 at 2020-11-30 17:33:26 +0100
  
ActionController::RoutingError (No route matches [GET] "/profil"):
  
actionpack (6.0.3.4) lib/action_dispatch/middleware/debug_exceptions.rb:36:in `call'
web-console (4.1.0) lib/web_console/middleware.rb:132:in `call_app'
web-console (4.1.0) lib/web_console/middleware.rb:28:in `block in call'
web-console (4.1.0) lib/web_console/middleware.rb:17:in `catch'
web-console (4.1.0) lib/web_console/middleware.rb:17:in `call'
actionpack (6.0.3.4) lib/action_dispatch/middleware/show_exceptions.rb:33:in `call'
railties (6.0.3.4) lib/rails/rack/logger.rb:37:in `call_app'
railties (6.0.3.4) lib/rails/rack/logger.rb:26:in `block in call'
activesupport (6.0.3.4) lib/active_support/tagged_logging.rb:80:in `block in tagged'
activesupport (6.0.3.4) lib/active_support/tagged_logging.rb:28:in `tagged'
activesupport (6.0.3.4) lib/active_support/tagged_logging.rb:80:in `tagged'
railties (6.0.3.4) lib/rails/rack/logger.rb:26:in `call'
sprockets-rails (3.2.2) lib/sprockets/rails/quiet_assets.rb:13:in `call'
actionpack (6.0.3.4) lib/action_dispatch/middleware/remote_ip.rb:81:in `call'
actionpack (6.0.3.4) lib/action_dispatch/middleware/request_id.rb:27:in `call'
rack (2.2.3) lib/rack/method_override.rb:24:in `call'
rack (2.2.3) lib/rack/runtime.rb:22:in `call'
activesupport (6.0.3.4) lib/active_support/cache/strategy/local_cache_middleware.rb:29:in `call'
actionpack (6.0.3.4) lib/action_dispatch/middleware/executor.rb:14:in `call'
actionpack (6.0.3.4) lib/action_dispatch/middleware/static.rb:126:in `call'
rack (2.2.3) lib/rack/sendfile.rb:110:in `call'
actionpack (6.0.3.4) lib/action_dispatch/middleware/host_authorization.rb:82:in `call'
webpacker (4.3.0) lib/webpacker/dev_server_proxy.rb:23:in `perform_request'
rack-proxy (0.6.5) lib/rack/proxy.rb:57:in `call'
railties (6.0.3.4) lib/rails/engine.rb:527:in `call'
puma (4.3.6) lib/puma/configuration.rb:228:in `call'
puma (4.3.6) lib/puma/server.rb:713:in `handle_request'
puma (4.3.6) lib/puma/server.rb:472:in `process_client'
puma (4.3.6) lib/puma/server.rb:328:in `block in run'
puma (4.3.6) lib/puma/thread_pool.rb:134:in `block in spawn_thread'
Started GET "/profile" for ::1 at 2020-11-30 17:33:31 +0100
  
ActionController::RoutingError (No route matches [GET] "/profile"):
  
actionpack (6.0.3.4) lib/action_dispatch/middleware/debug_exceptions.rb:36:in `call'
web-console (4.1.0) lib/web_console/middleware.rb:132:in `call_app'
web-console (4.1.0) lib/web_console/middleware.rb:28:in `block in call'
web-console (4.1.0) lib/web_console/middleware.rb:17:in `catch'
web-console (4.1.0) lib/web_console/middleware.rb:17:in `call'
actionpack (6.0.3.4) lib/action_dispatch/middleware/show_exceptions.rb:33:in `call'
railties (6.0.3.4) lib/rails/rack/logger.rb:37:in `call_app'
railties (6.0.3.4) lib/rails/rack/logger.rb:26:in `block in call'
activesupport (6.0.3.4) lib/active_support/tagged_logging.rb:80:in `block in tagged'
activesupport (6.0.3.4) lib/active_support/tagged_logging.rb:28:in `tagged'
activesupport (6.0.3.4) lib/active_support/tagged_logging.rb:80:in `tagged'
railties (6.0.3.4) lib/rails/rack/logger.rb:26:in `call'
sprockets-rails (3.2.2) lib/sprockets/rails/quiet_assets.rb:13:in `call'
actionpack (6.0.3.4) lib/action_dispatch/middleware/remote_ip.rb:81:in `call'
actionpack (6.0.3.4) lib/action_dispatch/middleware/request_id.rb:27:in `call'
rack (2.2.3) lib/rack/method_override.rb:24:in `call'
rack (2.2.3) lib/rack/runtime.rb:22:in `call'
activesupport (6.0.3.4) lib/active_support/cache/strategy/local_cache_middleware.rb:29:in `call'
actionpack (6.0.3.4) lib/action_dispatch/middleware/executor.rb:14:in `call'
actionpack (6.0.3.4) lib/action_dispatch/middleware/static.rb:126:in `call'
rack (2.2.3) lib/rack/sendfile.rb:110:in `call'
actionpack (6.0.3.4) lib/action_dispatch/middleware/host_authorization.rb:82:in `call'
webpacker (4.3.0) lib/webpacker/dev_server_proxy.rb:23:in `perform_request'
rack-proxy (0.6.5) lib/rack/proxy.rb:57:in `call'
railties (6.0.3.4) lib/rails/engine.rb:527:in `call'
puma (4.3.6) lib/puma/configuration.rb:228:in `call'
puma (4.3.6) lib/puma/server.rb:713:in `handle_request'
puma (4.3.6) lib/puma/server.rb:472:in `process_client'
puma (4.3.6) lib/puma/server.rb:328:in `block in run'
puma (4.3.6) lib/puma/thread_pool.rb:134:in `block in spawn_thread'
Started GET "/profil" for ::1 at 2020-11-30 17:33:39 +0100
  
ActionController::RoutingError (No route matches [GET] "/profil"):
  
actionpack (6.0.3.4) lib/action_dispatch/middleware/debug_exceptions.rb:36:in `call'
web-console (4.1.0) lib/web_console/middleware.rb:132:in `call_app'
web-console (4.1.0) lib/web_console/middleware.rb:28:in `block in call'
web-console (4.1.0) lib/web_console/middleware.rb:17:in `catch'
web-console (4.1.0) lib/web_console/middleware.rb:17:in `call'
actionpack (6.0.3.4) lib/action_dispatch/middleware/show_exceptions.rb:33:in `call'
railties (6.0.3.4) lib/rails/rack/logger.rb:37:in `call_app'
railties (6.0.3.4) lib/rails/rack/logger.rb:26:in `block in call'
activesupport (6.0.3.4) lib/active_support/tagged_logging.rb:80:in `block in tagged'
activesupport (6.0.3.4) lib/active_support/tagged_logging.rb:28:in `tagged'
activesupport (6.0.3.4) lib/active_support/tagged_logging.rb:80:in `tagged'
railties (6.0.3.4) lib/rails/rack/logger.rb:26:in `call'
sprockets-rails (3.2.2) lib/sprockets/rails/quiet_assets.rb:13:in `call'
actionpack (6.0.3.4) lib/action_dispatch/middleware/remote_ip.rb:81:in `call'
actionpack (6.0.3.4) lib/action_dispatch/middleware/request_id.rb:27:in `call'
rack (2.2.3) lib/rack/method_override.rb:24:in `call'
rack (2.2.3) lib/rack/runtime.rb:22:in `call'
activesupport (6.0.3.4) lib/active_support/cache/strategy/local_cache_middleware.rb:29:in `call'
actionpack (6.0.3.4) lib/action_dispatch/middleware/executor.rb:14:in `call'
actionpack (6.0.3.4) lib/action_dispatch/middleware/static.rb:126:in `call'
rack (2.2.3) lib/rack/sendfile.rb:110:in `call'
actionpack (6.0.3.4) lib/action_dispatch/middleware/host_authorization.rb:82:in `call'
webpacker (4.3.0) lib/webpacker/dev_server_proxy.rb:23:in `perform_request'
rack-proxy (0.6.5) lib/rack/proxy.rb:57:in `call'
railties (6.0.3.4) lib/rails/engine.rb:527:in `call'
puma (4.3.6) lib/puma/configuration.rb:228:in `call'
puma (4.3.6) lib/puma/server.rb:713:in `handle_request'
puma (4.3.6) lib/puma/server.rb:472:in `process_client'
puma (4.3.6) lib/puma/server.rb:328:in `block in run'
puma (4.3.6) lib/puma/thread_pool.rb:134:in `block in spawn_thread'
Started GET "/panier/1" for ::1 at 2020-11-30 17:33:40 +0100
  
ActionController::RoutingError (No route matches [GET] "/panier/1"):
  
actionpack (6.0.3.4) lib/action_dispatch/middleware/debug_exceptions.rb:36:in `call'
web-console (4.1.0) lib/web_console/middleware.rb:132:in `call_app'
web-console (4.1.0) lib/web_console/middleware.rb:28:in `block in call'
web-console (4.1.0) lib/web_console/middleware.rb:17:in `catch'
web-console (4.1.0) lib/web_console/middleware.rb:17:in `call'
actionpack (6.0.3.4) lib/action_dispatch/middleware/show_exceptions.rb:33:in `call'
railties (6.0.3.4) lib/rails/rack/logger.rb:37:in `call_app'
railties (6.0.3.4) lib/rails/rack/logger.rb:26:in `block in call'
activesupport (6.0.3.4) lib/active_support/tagged_logging.rb:80:in `block in tagged'
activesupport (6.0.3.4) lib/active_support/tagged_logging.rb:28:in `tagged'
activesupport (6.0.3.4) lib/active_support/tagged_logging.rb:80:in `tagged'
railties (6.0.3.4) lib/rails/rack/logger.rb:26:in `call'
sprockets-rails (3.2.2) lib/sprockets/rails/quiet_assets.rb:13:in `call'
actionpack (6.0.3.4) lib/action_dispatch/middleware/remote_ip.rb:81:in `call'
actionpack (6.0.3.4) lib/action_dispatch/middleware/request_id.rb:27:in `call'
rack (2.2.3) lib/rack/method_override.rb:24:in `call'
rack (2.2.3) lib/rack/runtime.rb:22:in `call'
activesupport (6.0.3.4) lib/active_support/cache/strategy/local_cache_middleware.rb:29:in `call'
actionpack (6.0.3.4) lib/action_dispatch/middleware/executor.rb:14:in `call'
actionpack (6.0.3.4) lib/action_dispatch/middleware/static.rb:126:in `call'
rack (2.2.3) lib/rack/sendfile.rb:110:in `call'
actionpack (6.0.3.4) lib/action_dispatch/middleware/host_authorization.rb:82:in `call'
webpacker (4.3.0) lib/webpacker/dev_server_proxy.rb:23:in `perform_request'
rack-proxy (0.6.5) lib/rack/proxy.rb:57:in `call'
railties (6.0.3.4) lib/rails/engine.rb:527:in `call'
puma (4.3.6) lib/puma/configuration.rb:228:in `call'
puma (4.3.6) lib/puma/server.rb:713:in `handle_request'
puma (4.3.6) lib/puma/server.rb:472:in `process_client'
puma (4.3.6) lib/puma/server.rb:328:in `block in run'
puma (4.3.6) lib/puma/thread_pool.rb:134:in `block in spawn_thread'
Started GET "/" for ::1 at 2020-11-30 17:33:40 +0100
Processing by Rails::WelcomeController#index as HTML
  Rendering /Users/Pierre/.rvm/gems/ruby-2.7.1/gems/railties-6.0.3.4/lib/rails/templates/rails/welcome/index.html.erb
  Rendered /Users/Pierre/.rvm/gems/ruby-2.7.1/gems/railties-6.0.3.4/lib/rails/templates/rails/welcome/index.html.erb (Duration: 18.2ms | Allocations: 179)
Completed 200 OK in 26ms (Views: 20.2ms | ActiveRecord: 0.0ms | Allocations: 894)


Started GET "/users/sign_in" for ::1 at 2020-11-30 17:33:40 +0100
Processing by Devise::SessionsController#new as HTML
  Rendering devise/sessions/new.html.erb within layouts/application
  Rendered devise/shared/_links.html.erb (Duration: 1.3ms | Allocations: 511)
  Rendered devise/sessions/new.html.erb within layouts/application (Duration: 5.0ms | Allocations: 1839)
[Webpacker] Everything's up-to-date. Nothing to do
  Rendered layouts/_navbar.html.erb (Duration: 2.1ms | Allocations: 393)
Completed 200 OK in 34ms (Views: 32.1ms | ActiveRecord: 0.0ms | Allocations: 8268)


Started GET "/users" for ::1 at 2020-11-30 17:33:41 +0100
  
ActionController::RoutingError (No route matches [GET] "/users"):
>>>>>>> development
  
actionpack (6.0.3.4) lib/action_dispatch/middleware/debug_exceptions.rb:36:in `call'
web-console (4.1.0) lib/web_console/middleware.rb:132:in `call_app'
web-console (4.1.0) lib/web_console/middleware.rb:28:in `block in call'
web-console (4.1.0) lib/web_console/middleware.rb:17:in `catch'
web-console (4.1.0) lib/web_console/middleware.rb:17:in `call'
actionpack (6.0.3.4) lib/action_dispatch/middleware/show_exceptions.rb:33:in `call'
railties (6.0.3.4) lib/rails/rack/logger.rb:37:in `call_app'
railties (6.0.3.4) lib/rails/rack/logger.rb:26:in `block in call'
activesupport (6.0.3.4) lib/active_support/tagged_logging.rb:80:in `block in tagged'
activesupport (6.0.3.4) lib/active_support/tagged_logging.rb:28:in `tagged'
activesupport (6.0.3.4) lib/active_support/tagged_logging.rb:80:in `tagged'
railties (6.0.3.4) lib/rails/rack/logger.rb:26:in `call'
sprockets-rails (3.2.2) lib/sprockets/rails/quiet_assets.rb:13:in `call'
actionpack (6.0.3.4) lib/action_dispatch/middleware/remote_ip.rb:81:in `call'
actionpack (6.0.3.4) lib/action_dispatch/middleware/request_id.rb:27:in `call'
rack (2.2.3) lib/rack/method_override.rb:24:in `call'
rack (2.2.3) lib/rack/runtime.rb:22:in `call'
activesupport (6.0.3.4) lib/active_support/cache/strategy/local_cache_middleware.rb:29:in `call'
actionpack (6.0.3.4) lib/action_dispatch/middleware/executor.rb:14:in `call'
actionpack (6.0.3.4) lib/action_dispatch/middleware/static.rb:126:in `call'
rack (2.2.3) lib/rack/sendfile.rb:110:in `call'
actionpack (6.0.3.4) lib/action_dispatch/middleware/host_authorization.rb:82:in `call'
webpacker (4.3.0) lib/webpacker/dev_server_proxy.rb:23:in `perform_request'
rack-proxy (0.6.5) lib/rack/proxy.rb:57:in `call'
railties (6.0.3.4) lib/rails/engine.rb:527:in `call'
puma (4.3.6) lib/puma/configuration.rb:228:in `call'
puma (4.3.6) lib/puma/server.rb:713:in `handle_request'
puma (4.3.6) lib/puma/server.rb:472:in `process_client'
puma (4.3.6) lib/puma/server.rb:328:in `block in run'
puma (4.3.6) lib/puma/thread_pool.rb:134:in `block in spawn_thread'
<<<<<<< HEAD
Started GET "/users/sign_out" for ::1 at 2020-11-30 22:16:45 +0100
  
ActionController::RoutingError (No route matches [GET] "/users/sign_out"):
=======
Started GET "/users" for ::1 at 2020-11-30 17:33:42 +0100
  
ActionController::RoutingError (No route matches [GET] "/users"):
>>>>>>> development
  
actionpack (6.0.3.4) lib/action_dispatch/middleware/debug_exceptions.rb:36:in `call'
web-console (4.1.0) lib/web_console/middleware.rb:132:in `call_app'
web-console (4.1.0) lib/web_console/middleware.rb:28:in `block in call'
web-console (4.1.0) lib/web_console/middleware.rb:17:in `catch'
web-console (4.1.0) lib/web_console/middleware.rb:17:in `call'
actionpack (6.0.3.4) lib/action_dispatch/middleware/show_exceptions.rb:33:in `call'
railties (6.0.3.4) lib/rails/rack/logger.rb:37:in `call_app'
railties (6.0.3.4) lib/rails/rack/logger.rb:26:in `block in call'
activesupport (6.0.3.4) lib/active_support/tagged_logging.rb:80:in `block in tagged'
activesupport (6.0.3.4) lib/active_support/tagged_logging.rb:28:in `tagged'
activesupport (6.0.3.4) lib/active_support/tagged_logging.rb:80:in `tagged'
railties (6.0.3.4) lib/rails/rack/logger.rb:26:in `call'
sprockets-rails (3.2.2) lib/sprockets/rails/quiet_assets.rb:13:in `call'
actionpack (6.0.3.4) lib/action_dispatch/middleware/remote_ip.rb:81:in `call'
actionpack (6.0.3.4) lib/action_dispatch/middleware/request_id.rb:27:in `call'
rack (2.2.3) lib/rack/method_override.rb:24:in `call'
rack (2.2.3) lib/rack/runtime.rb:22:in `call'
activesupport (6.0.3.4) lib/active_support/cache/strategy/local_cache_middleware.rb:29:in `call'
actionpack (6.0.3.4) lib/action_dispatch/middleware/executor.rb:14:in `call'
actionpack (6.0.3.4) lib/action_dispatch/middleware/static.rb:126:in `call'
rack (2.2.3) lib/rack/sendfile.rb:110:in `call'
actionpack (6.0.3.4) lib/action_dispatch/middleware/host_authorization.rb:82:in `call'
webpacker (4.3.0) lib/webpacker/dev_server_proxy.rb:23:in `perform_request'
rack-proxy (0.6.5) lib/rack/proxy.rb:57:in `call'
railties (6.0.3.4) lib/rails/engine.rb:527:in `call'
puma (4.3.6) lib/puma/configuration.rb:228:in `call'
puma (4.3.6) lib/puma/server.rb:713:in `handle_request'
puma (4.3.6) lib/puma/server.rb:472:in `process_client'
puma (4.3.6) lib/puma/server.rb:328:in `block in run'
puma (4.3.6) lib/puma/thread_pool.rb:134:in `block in spawn_thread'
<<<<<<< HEAD
Started GET "/users/password/edit" for ::1 at 2020-11-30 22:17:07 +0100
Processing by Devise::PasswordsController#edit as HTML
Redirected to http://localhost:3000/users/sign_in
Filter chain halted as :assert_reset_token_passed rendered or redirected
Completed 302 Found in 4ms (ActiveRecord: 0.0ms | Allocations: 676)


Started GET "/users/sign_in" for ::1 at 2020-11-30 22:17:07 +0100
Processing by Devise::SessionsController#new as HTML
  Rendering devise/sessions/new.html.erb within layouts/application
  Rendered devise/shared/_links.html.erb (Duration: 0.7ms | Allocations: 131)
  Rendered devise/sessions/new.html.erb within layouts/application (Duration: 3.3ms | Allocations: 789)
[Webpacker] Everything's up-to-date. Nothing to do
  Rendered layouts/_navbar.html.erb (Duration: 0.5ms | Allocations: 117)
Completed 200 OK in 33ms (Views: 30.5ms | ActiveRecord: 0.0ms | Allocations: 5567)


Started GET "/users/password/new" for ::1 at 2020-11-30 22:26:53 +0100
Processing by Devise::PasswordsController#new as HTML
  Rendering devise/passwords/new.html.erb within layouts/application
  Rendered devise/shared/_error_messages.html.erb (Duration: 1.8ms | Allocations: 189)
  Rendered devise/shared/_links.html.erb (Duration: 3.6ms | Allocations: 517)
  Rendered devise/passwords/new.html.erb within layouts/application (Duration: 15.4ms | Allocations: 1814)
[Webpacker] Everything's up-to-date. Nothing to do
  Rendered layouts/_navbar.html.erb (Duration: 2.8ms | Allocations: 393)
Completed 200 OK in 72ms (Views: 63.7ms | ActiveRecord: 0.0ms | Allocations: 8257)
=======
Started GET "/users/sign_in" for ::1 at 2020-11-30 17:33:52 +0100
Processing by Devise::SessionsController#new as HTML
  Rendering devise/sessions/new.html.erb within layouts/application
  Rendered devise/shared/_links.html.erb (Duration: 0.9ms | Allocations: 131)
  Rendered devise/sessions/new.html.erb within layouts/application (Duration: 7.8ms | Allocations: 1039)
[Webpacker] Everything's up-to-date. Nothing to do
  Rendered layouts/_navbar.html.erb (Duration: 0.5ms | Allocations: 117)
Completed 200 OK in 36ms (Views: 34.6ms | ActiveRecord: 0.0ms | Allocations: 5684)


Started GET "/users/sign_in" for ::1 at 2020-11-30 17:34:09 +0100
Processing by Devise::SessionsController#new as HTML
  Rendering devise/sessions/new.html.erb within layouts/application
  Rendered devise/shared/_links.html.erb (Duration: 0.9ms | Allocations: 511)
  Rendered devise/sessions/new.html.erb within layouts/application (Duration: 3.9ms | Allocations: 1842)
[Webpacker] Everything's up-to-date. Nothing to do
  Rendered layouts/_navbar.html.erb (Duration: 0.8ms | Allocations: 393)
  Rendered layouts/_footer.html.erb (Duration: 1.5ms | Allocations: 204)
Completed 200 OK in 25ms (Views: 24.1ms | ActiveRecord: 0.0ms | Allocations: 8708)


Started GET "/users/sign_in" for ::1 at 2020-11-30 17:34:31 +0100
Processing by Devise::SessionsController#new as HTML
  Rendering devise/sessions/new.html.erb within layouts/application
  Rendered devise/shared/_links.html.erb (Duration: 1.4ms | Allocations: 511)
  Rendered devise/sessions/new.html.erb within layouts/application (Duration: 4.8ms | Allocations: 1838)
[Webpacker] Everything's up-to-date. Nothing to do
  Rendered layouts/_navbar.html.erb (Duration: 1.0ms | Allocations: 393)
  Rendered layouts/_footer.html.erb (Duration: 0.5ms | Allocations: 202)
Completed 200 OK in 21ms (Views: 19.6ms | ActiveRecord: 0.0ms | Allocations: 8667)


Started GET "/users/sign_in" for ::1 at 2020-11-30 17:35:36 +0100
Processing by Devise::SessionsController#new as HTML
  Rendering devise/sessions/new.html.erb within layouts/application
  Rendered devise/shared/_links.html.erb (Duration: 1.0ms | Allocations: 511)
  Rendered devise/sessions/new.html.erb within layouts/application (Duration: 4.0ms | Allocations: 1839)
[Webpacker] Everything's up-to-date. Nothing to do
  Rendered layouts/_navbar.html.erb (Duration: 1.0ms | Allocations: 394)
  Rendered layouts/_footer.html.erb (Duration: 0.6ms | Allocations: 202)
Completed 200 OK in 22ms (Views: 20.1ms | ActiveRecord: 0.0ms | Allocations: 8670)


Started GET "/users/sign_in" for ::1 at 2020-11-30 17:35:51 +0100
Processing by Devise::SessionsController#new as HTML
  Rendering devise/sessions/new.html.erb within layouts/application
  Rendered devise/shared/_links.html.erb (Duration: 1.7ms | Allocations: 511)
  Rendered devise/sessions/new.html.erb within layouts/application (Duration: 6.9ms | Allocations: 1839)
[Webpacker] Everything's up-to-date. Nothing to do
  Rendered layouts/_navbar.html.erb (Duration: 1.3ms | Allocations: 393)
  Rendered layouts/_footer.html.erb (Duration: 0.9ms | Allocations: 202)
Completed 200 OK in 36ms (Views: 34.4ms | ActiveRecord: 0.0ms | Allocations: 8694)


Started GET "/users/sign_up" for ::1 at 2020-11-30 17:36:45 +0100
Processing by Devise::RegistrationsController#new as HTML
  Rendering devise/registrations/new.html.erb within layouts/application
  Rendered devise/shared/_error_messages.html.erb (Duration: 1.1ms | Allocations: 189)
  Rendered devise/shared/_links.html.erb (Duration: 0.2ms | Allocations: 82)
  Rendered devise/registrations/new.html.erb within layouts/application (Duration: 8.1ms | Allocations: 1673)
[Webpacker] Everything's up-to-date. Nothing to do
  Rendered layouts/_navbar.html.erb (Duration: 0.3ms | Allocations: 123)
  Rendered layouts/_footer.html.erb (Duration: 0.1ms | Allocations: 5)
Completed 200 OK in 29ms (Views: 26.9ms | ActiveRecord: 0.0ms | Allocations: 6975)


Started GET "/users/sign_up" for ::1 at 2020-11-30 17:36:54 +0100
Processing by Devise::RegistrationsController#new as HTML
  Rendering devise/registrations/new.html.erb within layouts/application
  Rendered devise/shared/_error_messages.html.erb (Duration: 0.0ms | Allocations: 15)
  Rendered devise/shared/_links.html.erb (Duration: 0.2ms | Allocations: 79)
  Rendered devise/registrations/new.html.erb within layouts/application (Duration: 2.0ms | Allocations: 1040)
[Webpacker] Everything's up-to-date. Nothing to do
  Rendered layouts/_navbar.html.erb (Duration: 0.3ms | Allocations: 117)
  Rendered layouts/_footer.html.erb (Duration: 0.0ms | Allocations: 5)
Completed 200 OK in 17ms (Views: 14.5ms | ActiveRecord: 0.0ms | Allocations: 5726)


Started GET "/users/sign_up" for ::1 at 2020-11-30 17:37:27 +0100
Processing by Devise::RegistrationsController#new as HTML
  Rendering devise/registrations/new.html.erb within layouts/application
  Rendered devise/shared/_error_messages.html.erb (Duration: 0.9ms | Allocations: 189)
  Rendered devise/shared/_links.html.erb (Duration: 2.1ms | Allocations: 459)
  Rendered devise/registrations/new.html.erb within layouts/application (Duration: 9.6ms | Allocations: 2188)
[Webpacker] Everything's up-to-date. Nothing to do
  Rendered layouts/_navbar.html.erb (Duration: 0.9ms | Allocations: 393)
  Rendered layouts/_footer.html.erb (Duration: 0.6ms | Allocations: 202)
Completed 200 OK in 27ms (Views: 25.6ms | ActiveRecord: 0.0ms | Allocations: 8964)


Started GET "/users/sign_up" for ::1 at 2020-11-30 17:38:14 +0100
Processing by Devise::RegistrationsController#new as HTML
  Rendering devise/registrations/new.html.erb within layouts/application
  Rendered devise/shared/_error_messages.html.erb (Duration: 0.5ms | Allocations: 189)
  Rendered devise/shared/_links.html.erb (Duration: 0.8ms | Allocations: 459)
  Rendered devise/registrations/new.html.erb within layouts/application (Duration: 5.1ms | Allocations: 2184)
[Webpacker] Everything's up-to-date. Nothing to do
  Rendered layouts/_navbar.html.erb (Duration: 0.8ms | Allocations: 394)
  Rendered layouts/_footer.html.erb (Duration: 0.4ms | Allocations: 202)
Completed 200 OK in 23ms (Views: 20.8ms | ActiveRecord: 0.0ms | Allocations: 8970)


Started GET "/users/sign_up" for ::1 at 2020-11-30 17:38:22 +0100
Processing by Devise::RegistrationsController#new as HTML
  Rendering devise/registrations/new.html.erb within layouts/application
  Rendered devise/shared/_error_messages.html.erb (Duration: 1.1ms | Allocations: 189)
  Rendered devise/shared/_links.html.erb (Duration: 1.1ms | Allocations: 459)
  Rendered devise/registrations/new.html.erb within layouts/application (Duration: 8.2ms | Allocations: 2184)
[Webpacker] Everything's up-to-date. Nothing to do
  Rendered layouts/_navbar.html.erb (Duration: 1.2ms | Allocations: 393)
  Rendered layouts/_footer.html.erb (Duration: 1.1ms | Allocations: 202)
Completed 200 OK in 25ms (Views: 24.2ms | ActiveRecord: 0.0ms | Allocations: 8963)
>>>>>>> development


